2020-09-04 08:14:02  [ main:0 ] - [ DEBUG ]  Instantiating CacheAwareContextLoaderDelegate from class [org.springframework.test.context.cache.DefaultCacheAwareContextLoaderDelegate]
2020-09-04 08:14:02  [ main:26 ] - [ DEBUG ]  Instantiating BootstrapContext using constructor [public org.springframework.test.context.support.DefaultBootstrapContext(java.lang.Class,org.springframework.test.context.CacheAwareContextLoaderDelegate)]
2020-09-04 08:14:02  [ main:83 ] - [ DEBUG ]  Instantiating TestContextBootstrapper for test class [com.tz.LogswitchApplicationTests] from class [org.springframework.boot.test.context.SpringBootTestContextBootstrapper]
2020-09-04 08:14:02  [ main:112 ] - [ INFO ]  Neither @ContextConfiguration nor @ContextHierarchy found for test class [com.tz.LogswitchApplicationTests], using SpringBootContextLoader
2020-09-04 08:14:02  [ main:121 ] - [ DEBUG ]  Did not detect default resource location for test class [com.tz.LogswitchApplicationTests]: class path resource [com/tz/LogswitchApplicationTests-context.xml] does not exist
2020-09-04 08:14:02  [ main:123 ] - [ DEBUG ]  Did not detect default resource location for test class [com.tz.LogswitchApplicationTests]: class path resource [com/tz/LogswitchApplicationTestsContext.groovy] does not exist
2020-09-04 08:14:02  [ main:124 ] - [ INFO ]  Could not detect default resource locations for test class [com.tz.LogswitchApplicationTests]: no resource found for suffixes {-context.xml, Context.groovy}.
2020-09-04 08:14:02  [ main:125 ] - [ INFO ]  Could not detect default configuration classes for test class [com.tz.LogswitchApplicationTests]: LogswitchApplicationTests does not declare any static, non-private, non-final, nested classes annotated with @Configuration.
2020-09-04 08:14:02  [ main:234 ] - [ DEBUG ]  Could not find an 'annotation declaring class' for annotation type [org.springframework.test.context.ActiveProfiles] and class [com.tz.LogswitchApplicationTests]
2020-09-04 08:14:02  [ main:423 ] - [ DEBUG ]  Identified candidate component class: file [D:\SpringProject\SpringBoot\SpringBoot\LogSwitch\target\classes\com\tz\LogswitchApplication.class]
2020-09-04 08:14:02  [ main:425 ] - [ INFO ]  Found @SpringBootConfiguration com.tz.LogswitchApplication for test class com.tz.LogswitchApplicationTests
2020-09-04 08:14:02  [ main:625 ] - [ DEBUG ]  @TestExecutionListeners is not present for class [com.tz.LogswitchApplicationTests]: using defaults.
2020-09-04 08:14:02  [ main:626 ] - [ INFO ]  Loaded default TestExecutionListener class names from location [META-INF/spring.factories]: [org.springframework.boot.test.mock.mockito.MockitoTestExecutionListener, org.springframework.boot.test.mock.mockito.ResetMocksTestExecutionListener, org.springframework.boot.test.autoconfigure.restdocs.RestDocsTestExecutionListener, org.springframework.boot.test.autoconfigure.web.client.MockRestServiceServerResetTestExecutionListener, org.springframework.boot.test.autoconfigure.web.servlet.MockMvcPrintOnlyOnFailureTestExecutionListener, org.springframework.boot.test.autoconfigure.web.servlet.WebDriverTestExecutionListener, org.springframework.boot.test.autoconfigure.webservices.client.MockWebServiceServerTestExecutionListener, org.springframework.test.context.web.ServletTestExecutionListener, org.springframework.test.context.support.DirtiesContextBeforeModesTestExecutionListener, org.springframework.test.context.support.DependencyInjectionTestExecutionListener, org.springframework.test.context.support.DirtiesContextTestExecutionListener, org.springframework.test.context.transaction.TransactionalTestExecutionListener, org.springframework.test.context.jdbc.SqlScriptsTestExecutionListener, org.springframework.test.context.event.EventPublishingTestExecutionListener]
2020-09-04 08:14:02  [ main:641 ] - [ DEBUG ]  Skipping candidate TestExecutionListener [org.springframework.test.context.web.ServletTestExecutionListener] due to a missing dependency. Specify custom listener classes or make the default listener classes and their required dependencies available. Offending class: [javax/servlet/ServletContext]
2020-09-04 08:14:02  [ main:643 ] - [ DEBUG ]  Skipping candidate TestExecutionListener [org.springframework.test.context.transaction.TransactionalTestExecutionListener] due to a missing dependency. Specify custom listener classes or make the default listener classes and their required dependencies available. Offending class: [org/springframework/transaction/interceptor/TransactionAttributeSource]
2020-09-04 08:14:02  [ main:644 ] - [ DEBUG ]  Skipping candidate TestExecutionListener [org.springframework.test.context.jdbc.SqlScriptsTestExecutionListener] due to a missing dependency. Specify custom listener classes or make the default listener classes and their required dependencies available. Offending class: [org/springframework/transaction/interceptor/TransactionAttribute]
2020-09-04 08:14:02  [ main:676 ] - [ INFO ]  Using TestExecutionListeners: [org.springframework.test.context.support.DirtiesContextBeforeModesTestExecutionListener@28f3b248, org.springframework.boot.test.mock.mockito.MockitoTestExecutionListener@1b1426f4, org.springframework.boot.test.autoconfigure.SpringBootDependencyInjectionTestExecutionListener@32b260fa, org.springframework.test.context.support.DirtiesContextTestExecutionListener@581ac8a8, org.springframework.test.context.event.EventPublishingTestExecutionListener@6d4e5011, org.springframework.boot.test.mock.mockito.ResetMocksTestExecutionListener@57d7f8ca, org.springframework.boot.test.autoconfigure.restdocs.RestDocsTestExecutionListener@76c3e77a, org.springframework.boot.test.autoconfigure.web.client.MockRestServiceServerResetTestExecutionListener@78123e82, org.springframework.boot.test.autoconfigure.web.servlet.MockMvcPrintOnlyOnFailureTestExecutionListener@67c33749, org.springframework.boot.test.autoconfigure.web.servlet.WebDriverTestExecutionListener@fba92d3, org.springframework.boot.test.autoconfigure.webservices.client.MockWebServiceServerTestExecutionListener@662b4c69]
2020-09-04 08:14:02  [ main:685 ] - [ DEBUG ]  Before test class: context [DefaultTestContext@5562c41e testClass = LogswitchApplicationTests, testInstance = [null], testMethod = [null], testException = [null], mergedContextConfiguration = [MergedContextConfiguration@32ee6fee testClass = LogswitchApplicationTests, locations = '{}', classes = '{class com.tz.LogswitchApplication}', contextInitializerClasses = '[]', activeProfiles = '{}', propertySourceLocations = '{}', propertySourceProperties = '{org.springframework.boot.test.context.SpringBootTestContextBootstrapper=true}', contextCustomizers = set[org.springframework.boot.test.context.filter.ExcludeFilterContextCustomizer@2928854b, org.springframework.boot.test.json.DuplicateJsonObjectContextCustomizerFactory$DuplicateJsonObjectContextCustomizer@2f177a4b, org.springframework.boot.test.mock.mockito.MockitoContextCustomizer@0, org.springframework.boot.test.web.client.TestRestTemplateContextCustomizer@d4342c2, org.springframework.boot.test.autoconfigure.properties.PropertyMappingContextCustomizer@0, org.springframework.boot.test.autoconfigure.web.servlet.WebDriverContextCustomizerFactory$Customizer@6e0dec4a, org.springframework.boot.test.context.SpringBootTestArgs@1], contextLoader = 'org.springframework.boot.test.context.SpringBootContextLoader', parent = [null]], attributes = map[[empty]]], class annotated with @DirtiesContext [false] with mode [null].
2020-09-04 08:14:02  [ main:708 ] - [ DEBUG ]  Performing dependency injection for test context [[DefaultTestContext@5562c41e testClass = LogswitchApplicationTests, testInstance = com.tz.LogswitchApplicationTests@d5b810e, testMethod = [null], testException = [null], mergedContextConfiguration = [MergedContextConfiguration@32ee6fee testClass = LogswitchApplicationTests, locations = '{}', classes = '{class com.tz.LogswitchApplication}', contextInitializerClasses = '[]', activeProfiles = '{}', propertySourceLocations = '{}', propertySourceProperties = '{org.springframework.boot.test.context.SpringBootTestContextBootstrapper=true}', contextCustomizers = set[org.springframework.boot.test.context.filter.ExcludeFilterContextCustomizer@2928854b, org.springframework.boot.test.json.DuplicateJsonObjectContextCustomizerFactory$DuplicateJsonObjectContextCustomizer@2f177a4b, org.springframework.boot.test.mock.mockito.MockitoContextCustomizer@0, org.springframework.boot.test.web.client.TestRestTemplateContextCustomizer@d4342c2, org.springframework.boot.test.autoconfigure.properties.PropertyMappingContextCustomizer@0, org.springframework.boot.test.autoconfigure.web.servlet.WebDriverContextCustomizerFactory$Customizer@6e0dec4a, org.springframework.boot.test.context.SpringBootTestArgs@1], contextLoader = 'org.springframework.boot.test.context.SpringBootContextLoader', parent = [null]], attributes = map[[empty]]]].
2020-09-04 08:14:02  [ main:750 ] - [ DEBUG ]  Adding inlined properties to environment: {spring.jmx.enabled=false, org.springframework.boot.test.context.SpringBootTestContextBootstrapper=true}
2020-09-04 08:14:03  [ main:814 ] - [ DEBUG ]  Activating profiles []
2020-09-04 08:14:03  [ main:998 ] - [ DEBUG ]  Loading from YAML: class path resource [application.yml]
2020-09-04 08:14:03  [ main:1073 ] - [ DEBUG ]  Merging document (no matchers set): {logging={level={com.tz=trace}, file={path=/spring/log}}}
2020-09-04 08:14:03  [ main:1073 ] - [ DEBUG ]  Loaded 1 document from YAML resource: class path resource [application.yml]
2020-09-04 08:14:03  [ main:1112 ] - [ DEBUG ]  Activating profiles []
2020-09-04 08:14:03  [ main:1152 ] - [ DEBUG ]  Found key 'logging.file.path' in PropertySource 'configurationProperties' with value of type String
2020-09-04 08:14:03  [ main:1220 ] - [ DEBUG ]  Application started with classpath: [file:/D:/Program%20Files/JetBrains/IntelliJ%20IDEA%202019.3.3/lib/idea_rt.jar, file:/D:/Program%20Files/JetBrains/IntelliJ%20IDEA%202019.3.3/plugins/junit/lib/junit5-rt.jar, file:/D:/Program%20Files/JetBrains/IntelliJ%20IDEA%202019.3.3/plugins/junit/lib/junit-rt.jar, file:/D:/Program%20Files/Java/jdk1.8.0_161/jre/lib/charsets.jar, file:/D:/Program%20Files/Java/jdk1.8.0_161/jre/lib/deploy.jar, file:/D:/Program%20Files/Java/jdk1.8.0_161/jre/lib/ext/access-bridge-64.jar, file:/D:/Program%20Files/Java/jdk1.8.0_161/jre/lib/ext/cldrdata.jar, file:/D:/Program%20Files/Java/jdk1.8.0_161/jre/lib/ext/dnsns.jar, file:/D:/Program%20Files/Java/jdk1.8.0_161/jre/lib/ext/jaccess.jar, file:/D:/Program%20Files/Java/jdk1.8.0_161/jre/lib/ext/jfxrt.jar, file:/D:/Program%20Files/Java/jdk1.8.0_161/jre/lib/ext/localedata.jar, file:/D:/Program%20Files/Java/jdk1.8.0_161/jre/lib/ext/nashorn.jar, file:/D:/Program%20Files/Java/jdk1.8.0_161/jre/lib/ext/sunec.jar, file:/D:/Program%20Files/Java/jdk1.8.0_161/jre/lib/ext/sunjce_provider.jar, file:/D:/Program%20Files/Java/jdk1.8.0_161/jre/lib/ext/sunmscapi.jar, file:/D:/Program%20Files/Java/jdk1.8.0_161/jre/lib/ext/sunpkcs11.jar, file:/D:/Program%20Files/Java/jdk1.8.0_161/jre/lib/ext/zipfs.jar, file:/D:/Program%20Files/Java/jdk1.8.0_161/jre/lib/javaws.jar, file:/D:/Program%20Files/Java/jdk1.8.0_161/jre/lib/jce.jar, file:/D:/Program%20Files/Java/jdk1.8.0_161/jre/lib/jfr.jar, file:/D:/Program%20Files/Java/jdk1.8.0_161/jre/lib/jfxswt.jar, file:/D:/Program%20Files/Java/jdk1.8.0_161/jre/lib/jsse.jar, file:/D:/Program%20Files/Java/jdk1.8.0_161/jre/lib/management-agent.jar, file:/D:/Program%20Files/Java/jdk1.8.0_161/jre/lib/plugin.jar, file:/D:/Program%20Files/Java/jdk1.8.0_161/jre/lib/resources.jar, file:/D:/Program%20Files/Java/jdk1.8.0_161/jre/lib/rt.jar, file:/D:/SpringProject/SpringBoot/SpringBoot/LogSwitch/target/test-classes/, file:/D:/SpringProject/SpringBoot/SpringBoot/LogSwitch/target/classes/, file:/E:/MvnRepo/org/springframework/boot/spring-boot-starter/2.3.3.RELEASE/spring-boot-starter-2.3.3.RELEASE.jar, file:/E:/MvnRepo/org/springframework/boot/spring-boot/2.3.3.RELEASE/spring-boot-2.3.3.RELEASE.jar, file:/E:/MvnRepo/org/springframework/spring-context/5.2.8.RELEASE/spring-context-5.2.8.RELEASE.jar, file:/E:/MvnRepo/org/springframework/spring-aop/5.2.8.RELEASE/spring-aop-5.2.8.RELEASE.jar, file:/E:/MvnRepo/org/springframework/spring-beans/5.2.8.RELEASE/spring-beans-5.2.8.RELEASE.jar, file:/E:/MvnRepo/org/springframework/spring-expression/5.2.8.RELEASE/spring-expression-5.2.8.RELEASE.jar, file:/E:/MvnRepo/org/springframework/boot/spring-boot-autoconfigure/2.3.3.RELEASE/spring-boot-autoconfigure-2.3.3.RELEASE.jar, file:/E:/MvnRepo/org/springframework/boot/spring-boot-starter-logging/2.3.3.RELEASE/spring-boot-starter-logging-2.3.3.RELEASE.jar, file:/E:/MvnRepo/org/slf4j/jul-to-slf4j/1.7.30/jul-to-slf4j-1.7.30.jar, file:/E:/MvnRepo/jakarta/annotation/jakarta.annotation-api/1.3.5/jakarta.annotation-api-1.3.5.jar, file:/E:/MvnRepo/org/springframework/spring-core/5.2.8.RELEASE/spring-core-5.2.8.RELEASE.jar, file:/E:/MvnRepo/org/springframework/spring-jcl/5.2.8.RELEASE/spring-jcl-5.2.8.RELEASE.jar, file:/E:/MvnRepo/org/yaml/snakeyaml/1.26/snakeyaml-1.26.jar, file:/E:/MvnRepo/org/slf4j/slf4j-log4j12/1.7.30/slf4j-log4j12-1.7.30.jar, file:/E:/MvnRepo/org/slf4j/slf4j-api/1.7.30/slf4j-api-1.7.30.jar, file:/E:/MvnRepo/log4j/log4j/1.2.17/log4j-1.2.17.jar, file:/E:/MvnRepo/org/springframework/boot/spring-boot-devtools/2.3.3.RELEASE/spring-boot-devtools-2.3.3.RELEASE.jar, file:/E:/MvnRepo/org/projectlombok/lombok/1.18.12/lombok-1.18.12.jar, file:/E:/MvnRepo/org/springframework/boot/spring-boot-starter-test/2.3.3.RELEASE/spring-boot-starter-test-2.3.3.RELEASE.jar, file:/E:/MvnRepo/org/springframework/boot/spring-boot-test/2.3.3.RELEASE/spring-boot-test-2.3.3.RELEASE.jar, file:/E:/MvnRepo/org/springframework/boot/spring-boot-test-autoconfigure/2.3.3.RELEASE/spring-boot-test-autoconfigure-2.3.3.RELEASE.jar, file:/E:/MvnRepo/com/jayway/jsonpath/json-path/2.4.0/json-path-2.4.0.jar, file:/E:/MvnRepo/net/minidev/json-smart/2.3/json-smart-2.3.jar, file:/E:/MvnRepo/net/minidev/accessors-smart/1.2/accessors-smart-1.2.jar, file:/E:/MvnRepo/org/ow2/asm/asm/5.0.4/asm-5.0.4.jar, file:/E:/MvnRepo/jakarta/xml/bind/jakarta.xml.bind-api/2.3.3/jakarta.xml.bind-api-2.3.3.jar, file:/E:/MvnRepo/jakarta/activation/jakarta.activation-api/1.2.2/jakarta.activation-api-1.2.2.jar, file:/E:/MvnRepo/org/assertj/assertj-core/3.16.1/assertj-core-3.16.1.jar, file:/E:/MvnRepo/org/hamcrest/hamcrest/2.2/hamcrest-2.2.jar, file:/E:/MvnRepo/org/junit/jupiter/junit-jupiter/5.6.2/junit-jupiter-5.6.2.jar, file:/E:/MvnRepo/org/junit/jupiter/junit-jupiter-api/5.6.2/junit-jupiter-api-5.6.2.jar, file:/E:/MvnRepo/org/apiguardian/apiguardian-api/1.1.0/apiguardian-api-1.1.0.jar, file:/E:/MvnRepo/org/opentest4j/opentest4j/1.2.0/opentest4j-1.2.0.jar, file:/E:/MvnRepo/org/junit/platform/junit-platform-commons/1.6.2/junit-platform-commons-1.6.2.jar, file:/E:/MvnRepo/org/junit/jupiter/junit-jupiter-params/5.6.2/junit-jupiter-params-5.6.2.jar, file:/E:/MvnRepo/org/junit/jupiter/junit-jupiter-engine/5.6.2/junit-jupiter-engine-5.6.2.jar, file:/E:/MvnRepo/org/junit/platform/junit-platform-engine/1.6.2/junit-platform-engine-1.6.2.jar, file:/E:/MvnRepo/org/mockito/mockito-core/3.3.3/mockito-core-3.3.3.jar, file:/E:/MvnRepo/net/bytebuddy/byte-buddy/1.10.14/byte-buddy-1.10.14.jar, file:/E:/MvnRepo/net/bytebuddy/byte-buddy-agent/1.10.14/byte-buddy-agent-1.10.14.jar, file:/E:/MvnRepo/org/objenesis/objenesis/2.6/objenesis-2.6.jar, file:/E:/MvnRepo/org/mockito/mockito-junit-jupiter/3.3.3/mockito-junit-jupiter-3.3.3.jar, file:/E:/MvnRepo/org/skyscreamer/jsonassert/1.5.0/jsonassert-1.5.0.jar, file:/E:/MvnRepo/com/vaadin/external/google/android-json/0.0.20131108.vaadin1/android-json-0.0.20131108.vaadin1.jar, file:/E:/MvnRepo/org/springframework/spring-test/5.2.8.RELEASE/spring-test-5.2.8.RELEASE.jar, file:/E:/MvnRepo/org/xmlunit/xmlunit-core/2.7.0/xmlunit-core-2.7.0.jar, file:/C:/Users/FUDIAN/.m2/repository/org/junit/platform/junit-platform-launcher/1.6.2/junit-platform-launcher-1.6.2.jar, file:/C:/Users/FUDIAN/.m2/repository/org/apiguardian/apiguardian-api/1.1.0/apiguardian-api-1.1.0.jar, file:/C:/Users/FUDIAN/.m2/repository/org/junit/platform/junit-platform-engine/1.6.2/junit-platform-engine-1.6.2.jar, file:/C:/Users/FUDIAN/.m2/repository/org/opentest4j/opentest4j/1.2.0/opentest4j-1.2.0.jar, file:/C:/Users/FUDIAN/.m2/repository/org/junit/platform/junit-platform-commons/1.6.2/junit-platform-commons-1.6.2.jar, file:/D:/Program%20Files/JetBrains/IntelliJ%20IDEA%202019.3.3/lib/idea_rt.jar]
2020-09-04 08:14:03  [ main:1576 ] - [ INFO ]  Starting LogswitchApplicationTests on FD-190711l450 with PID 8280 (started by FUDIAN in D:\SpringProject\SpringBoot\SpringBoot\LogSwitch)
2020-09-04 08:14:03  [ main:1577 ] - [ DEBUG ]  Running with Spring Boot v2.3.3.RELEASE, Spring v5.2.8.RELEASE
2020-09-04 08:14:03  [ main:1578 ] - [ INFO ]  No active profile set, falling back to default profiles: default
2020-09-04 08:14:03  [ main:1579 ] - [ DEBUG ]  Loading source class com.tz.LogswitchApplication
2020-09-04 08:14:03  [ main:1638 ] - [ DEBUG ]  Loaded config file 'file:/D:/SpringProject/SpringBoot/SpringBoot/LogSwitch/target/classes/application.yml' (classpath:/application.yml)
2020-09-04 08:14:03  [ main:1642 ] - [ DEBUG ]  Refreshing org.springframework.context.annotation.AnnotationConfigApplicationContext@5170bcf4
2020-09-04 08:14:03  [ main:1684 ] - [ DEBUG ]  Creating shared instance of singleton bean 'org.springframework.context.annotation.internalConfigurationAnnotationProcessor'
2020-09-04 08:14:03  [ main:1718 ] - [ DEBUG ]  Creating shared instance of singleton bean 'org.springframework.boot.autoconfigure.internalCachingMetadataReaderFactory'
2020-09-04 08:14:04  [ main:1964 ] - [ DEBUG ]  Found key 'spring.jmx.enabled' in PropertySource 'configurationProperties' with value of type String
2020-09-04 08:14:04  [ main:2278 ] - [ DEBUG ]  Creating shared instance of singleton bean 'propertySourcesPlaceholderConfigurer'
2020-09-04 08:14:04  [ main:2291 ] - [ DEBUG ]  Creating shared instance of singleton bean 'org.springframework.boot.test.mock.mockito.MockitoPostProcessor'
2020-09-04 08:14:04  [ main:2321 ] - [ DEBUG ]  Creating shared instance of singleton bean 'org.springframework.context.event.internalEventListenerProcessor'
2020-09-04 08:14:04  [ main:2325 ] - [ DEBUG ]  Creating shared instance of singleton bean 'org.springframework.context.event.internalEventListenerFactory'
2020-09-04 08:14:04  [ main:2328 ] - [ DEBUG ]  Creating shared instance of singleton bean 'org.springframework.context.annotation.internalAutowiredAnnotationProcessor'
2020-09-04 08:14:04  [ main:2332 ] - [ DEBUG ]  Creating shared instance of singleton bean 'org.springframework.context.annotation.internalCommonAnnotationProcessor'
2020-09-04 08:14:04  [ main:2343 ] - [ DEBUG ]  Creating shared instance of singleton bean 'org.springframework.boot.test.mock.mockito.MockitoPostProcessor$SpyPostProcessor'
2020-09-04 08:14:04  [ main:2345 ] - [ DEBUG ]  Creating shared instance of singleton bean 'org.springframework.boot.context.properties.ConfigurationPropertiesBindingPostProcessor'
2020-09-04 08:14:04  [ main:2346 ] - [ DEBUG ]  Creating shared instance of singleton bean 'org.springframework.boot.context.internalConfigurationPropertiesBinder'
2020-09-04 08:14:04  [ main:2347 ] - [ DEBUG ]  Creating shared instance of singleton bean 'org.springframework.boot.context.internalConfigurationPropertiesBinderFactory'
2020-09-04 08:14:04  [ main:2361 ] - [ DEBUG ]  Creating shared instance of singleton bean 'logswitchApplication'
2020-09-04 08:14:04  [ main:2396 ] - [ DEBUG ]  Creating shared instance of singleton bean 'org.springframework.boot.autoconfigure.AutoConfigurationPackages'
2020-09-04 08:14:04  [ main:2400 ] - [ DEBUG ]  Creating shared instance of singleton bean 'org.springframework.boot.autoconfigure.context.PropertyPlaceholderAutoConfiguration'
2020-09-04 08:14:04  [ main:2406 ] - [ DEBUG ]  Creating shared instance of singleton bean 'org.springframework.boot.autoconfigure.aop.AopAutoConfiguration$ClassProxyingConfiguration'
2020-09-04 08:14:04  [ main:2409 ] - [ DEBUG ]  Autowiring by type from bean name 'org.springframework.boot.autoconfigure.aop.AopAutoConfiguration$ClassProxyingConfiguration' via constructor to bean named 'org.springframework.beans.factory.support.DefaultListableBeanFactory@6dee4f1b'
2020-09-04 08:14:04  [ main:2419 ] - [ DEBUG ]  Creating shared instance of singleton bean 'org.springframework.boot.autoconfigure.aop.AopAutoConfiguration'
2020-09-04 08:14:04  [ main:2423 ] - [ DEBUG ]  Creating shared instance of singleton bean 'org.springframework.boot.autoconfigure.availability.ApplicationAvailabilityAutoConfiguration'
2020-09-04 08:14:04  [ main:2426 ] - [ DEBUG ]  Creating shared instance of singleton bean 'applicationAvailability'
2020-09-04 08:14:04  [ main:2434 ] - [ DEBUG ]  Creating shared instance of singleton bean 'org.springframework.boot.autoconfigure.context.ConfigurationPropertiesAutoConfiguration'
2020-09-04 08:14:04  [ main:2440 ] - [ DEBUG ]  Creating shared instance of singleton bean 'org.springframework.boot.context.properties.BoundConfigurationProperties'
2020-09-04 08:14:04  [ main:2443 ] - [ DEBUG ]  Creating shared instance of singleton bean 'org.springframework.boot.context.properties.ConfigurationBeanFactoryMetadata'
2020-09-04 08:14:04  [ main:2450 ] - [ DEBUG ]  Creating shared instance of singleton bean 'org.springframework.boot.autoconfigure.context.LifecycleAutoConfiguration'
2020-09-04 08:14:04  [ main:2453 ] - [ DEBUG ]  Creating shared instance of singleton bean 'lifecycleProcessor'
2020-09-04 08:14:04  [ main:2458 ] - [ DEBUG ]  Creating shared instance of singleton bean 'spring.lifecycle-org.springframework.boot.autoconfigure.context.LifecycleProperties'
2020-09-04 08:14:04  [ main:2487 ] - [ DEBUG ]  Autowiring by type from bean name 'lifecycleProcessor' via factory method to bean named 'spring.lifecycle-org.springframework.boot.autoconfigure.context.LifecycleProperties'
2020-09-04 08:14:04  [ main:2498 ] - [ DEBUG ]  Creating shared instance of singleton bean 'org.springframework.boot.autoconfigure.info.ProjectInfoAutoConfiguration'
2020-09-04 08:14:04  [ main:2503 ] - [ DEBUG ]  Creating shared instance of singleton bean 'spring.info-org.springframework.boot.autoconfigure.info.ProjectInfoProperties'
2020-09-04 08:14:04  [ main:2509 ] - [ DEBUG ]  Autowiring by type from bean name 'org.springframework.boot.autoconfigure.info.ProjectInfoAutoConfiguration' via constructor to bean named 'spring.info-org.springframework.boot.autoconfigure.info.ProjectInfoProperties'
2020-09-04 08:14:04  [ main:2514 ] - [ DEBUG ]  Creating shared instance of singleton bean 'org.springframework.boot.autoconfigure.task.TaskExecutionAutoConfiguration'
2020-09-04 08:14:04  [ main:2519 ] - [ DEBUG ]  Creating shared instance of singleton bean 'taskExecutorBuilder'
2020-09-04 08:14:04  [ main:2520 ] - [ DEBUG ]  Creating shared instance of singleton bean 'spring.task.execution-org.springframework.boot.autoconfigure.task.TaskExecutionProperties'
2020-09-04 08:14:04  [ main:2529 ] - [ DEBUG ]  Autowiring by type from bean name 'taskExecutorBuilder' via factory method to bean named 'spring.task.execution-org.springframework.boot.autoconfigure.task.TaskExecutionProperties'
2020-09-04 08:14:04  [ main:2539 ] - [ DEBUG ]  Creating shared instance of singleton bean 'org.springframework.boot.autoconfigure.task.TaskSchedulingAutoConfiguration'
2020-09-04 08:14:04  [ main:2548 ] - [ DEBUG ]  Creating shared instance of singleton bean 'taskSchedulerBuilder'
2020-09-04 08:14:04  [ main:2549 ] - [ DEBUG ]  Creating shared instance of singleton bean 'spring.task.scheduling-org.springframework.boot.autoconfigure.task.TaskSchedulingProperties'
2020-09-04 08:14:04  [ main:2565 ] - [ DEBUG ]  Autowiring by type from bean name 'taskSchedulerBuilder' via factory method to bean named 'spring.task.scheduling-org.springframework.boot.autoconfigure.task.TaskSchedulingProperties'
2020-09-04 08:14:04  [ main:2745 ] - [ DEBUG ]  


============================
CONDITIONS EVALUATION REPORT
============================


Positive matches:
-----------------

   AopAutoConfiguration matched:
      - @ConditionalOnProperty (spring.aop.auto=true) matched (OnPropertyCondition)

   AopAutoConfiguration.ClassProxyingConfiguration matched:
      - @ConditionalOnMissingClass did not find unwanted class 'org.aspectj.weaver.Advice' (OnClassCondition)
      - @ConditionalOnProperty (spring.aop.proxy-target-class=true) matched (OnPropertyCondition)

   GenericCacheConfiguration matched:
      - Cache org.springframework.boot.autoconfigure.cache.GenericCacheConfiguration automatic cache type (CacheCondition)

   LifecycleAutoConfiguration#defaultLifecycleProcessor matched:
      - @ConditionalOnMissingBean (names: lifecycleProcessor; SearchStrategy: current) did not find any beans (OnBeanCondition)

   NoOpCacheConfiguration matched:
      - Cache org.springframework.boot.autoconfigure.cache.NoOpCacheConfiguration automatic cache type (CacheCondition)

   PropertyPlaceholderAutoConfiguration#propertySourcesPlaceholderConfigurer matched:
      - @ConditionalOnMissingBean (types: org.springframework.context.support.PropertySourcesPlaceholderConfigurer; SearchStrategy: current) did not find any beans (OnBeanCondition)

   SimpleCacheConfiguration matched:
      - Cache org.springframework.boot.autoconfigure.cache.SimpleCacheConfiguration automatic cache type (CacheCondition)

   TaskExecutionAutoConfiguration matched:
      - @ConditionalOnClass found required class 'org.springframework.scheduling.concurrent.ThreadPoolTaskExecutor' (OnClassCondition)

   TaskExecutionAutoConfiguration#applicationTaskExecutor matched:
      - @ConditionalOnMissingBean (types: java.util.concurrent.Executor; SearchStrategy: all) did not find any beans (OnBeanCondition)

   TaskExecutionAutoConfiguration#taskExecutorBuilder matched:
      - @ConditionalOnMissingBean (types: org.springframework.boot.task.TaskExecutorBuilder; SearchStrategy: all) did not find any beans (OnBeanCondition)

   TaskSchedulingAutoConfiguration matched:
      - @ConditionalOnClass found required class 'org.springframework.scheduling.concurrent.ThreadPoolTaskScheduler' (OnClassCondition)

   TaskSchedulingAutoConfiguration#taskSchedulerBuilder matched:
      - @ConditionalOnMissingBean (types: org.springframework.boot.task.TaskSchedulerBuilder; SearchStrategy: all) did not find any beans (OnBeanCondition)


Negative matches:
-----------------

   ActiveMQAutoConfiguration:
      Did not match:
         - @ConditionalOnClass did not find required class 'javax.jms.ConnectionFactory' (OnClassCondition)

   AopAutoConfiguration.AspectJAutoProxyingConfiguration:
      Did not match:
         - @ConditionalOnClass did not find required class 'org.aspectj.weaver.Advice' (OnClassCondition)

   ArtemisAutoConfiguration:
      Did not match:
         - @ConditionalOnClass did not find required class 'javax.jms.ConnectionFactory' (OnClassCondition)

   BatchAutoConfiguration:
      Did not match:
         - @ConditionalOnClass did not find required class 'org.springframework.batch.core.launch.JobLauncher' (OnClassCondition)

   CacheAutoConfiguration:
      Did not match:
         - @ConditionalOnBean (types: org.springframework.cache.interceptor.CacheAspectSupport; SearchStrategy: all) did not find any beans of type org.springframework.cache.interceptor.CacheAspectSupport (OnBeanCondition)
      Matched:
         - @ConditionalOnClass found required class 'org.springframework.cache.CacheManager' (OnClassCondition)

   CacheAutoConfiguration.CacheManagerEntityManagerFactoryDependsOnPostProcessor:
      Did not match:
         - @ConditionalOnClass did not find required class 'org.springframework.orm.jpa.LocalContainerEntityManagerFactoryBean' (OnClassCondition)
         - Ancestor org.springframework.boot.autoconfigure.cache.CacheAutoConfiguration did not match (ConditionEvaluationReport.AncestorsMatchedCondition)

   CaffeineCacheConfiguration:
      Did not match:
         - @ConditionalOnClass did not find required class 'com.github.benmanes.caffeine.cache.Caffeine' (OnClassCondition)

   CassandraAutoConfiguration:
      Did not match:
         - @ConditionalOnClass did not find required class 'com.datastax.oss.driver.api.core.CqlSession' (OnClassCondition)

   CassandraDataAutoConfiguration:
      Did not match:
         - @ConditionalOnClass did not find required class 'com.datastax.oss.driver.api.core.CqlSession' (OnClassCondition)

   CassandraReactiveDataAutoConfiguration:
      Did not match:
         - @ConditionalOnClass did not find required class 'com.datastax.oss.driver.api.core.CqlSession' (OnClassCondition)

   CassandraReactiveRepositoriesAutoConfiguration:
      Did not match:
         - @ConditionalOnClass did not find required class 'org.springframework.data.cassandra.ReactiveSession' (OnClassCondition)

   CassandraRepositoriesAutoConfiguration:
      Did not match:
         - @ConditionalOnClass did not find required class 'com.datastax.oss.driver.api.core.CqlSession' (OnClassCondition)

   ClientHttpConnectorAutoConfiguration:
      Did not match:
         - @ConditionalOnClass did not find required class 'org.springframework.web.reactive.function.client.WebClient' (OnClassCondition)

   CodecsAutoConfiguration:
      Did not match:
         - @ConditionalOnClass did not find required class 'org.springframework.http.codec.CodecConfigurer' (OnClassCondition)

   CouchbaseAutoConfiguration:
      Did not match:
         - @ConditionalOnClass did not find required class 'com.couchbase.client.java.Cluster' (OnClassCondition)

   CouchbaseCacheConfiguration:
      Did not match:
         - @ConditionalOnClass did not find required class 'com.couchbase.client.java.Cluster' (OnClassCondition)

   CouchbaseDataAutoConfiguration:
      Did not match:
         - @ConditionalOnClass did not find required class 'com.couchbase.client.java.Bucket' (OnClassCondition)

   CouchbaseReactiveDataAutoConfiguration:
      Did not match:
         - @ConditionalOnClass did not find required class 'com.couchbase.client.java.Cluster' (OnClassCondition)

   CouchbaseReactiveRepositoriesAutoConfiguration:
      Did not match:
         - @ConditionalOnClass did not find required class 'com.couchbase.client.java.Cluster' (OnClassCondition)

   CouchbaseRepositoriesAutoConfiguration:
      Did not match:
         - @ConditionalOnClass did not find required class 'com.couchbase.client.java.Bucket' (OnClassCondition)

   DataSourceAutoConfiguration:
      Did not match:
         - @ConditionalOnClass did not find required class 'org.springframework.jdbc.datasource.embedded.EmbeddedDatabaseType' (OnClassCondition)

   DataSourceTransactionManagerAutoConfiguration:
      Did not match:
         - @ConditionalOnClass did not find required class 'org.springframework.jdbc.core.JdbcTemplate' (OnClassCondition)

   DevToolsDataSourceAutoConfiguration:
      Did not match:
         - Devtools devtools is disabled for current context. (OnEnabledDevToolsCondition)

   DispatcherServletAutoConfiguration:
      Did not match:
         - @ConditionalOnClass did not find required class 'org.springframework.web.servlet.DispatcherServlet' (OnClassCondition)

   EhCacheCacheConfiguration:
      Did not match:
         - @ConditionalOnClass did not find required class 'net.sf.ehcache.Cache' (OnClassCondition)

   ElasticsearchDataAutoConfiguration:
      Did not match:
         - @ConditionalOnClass did not find required class 'org.springframework.data.elasticsearch.core.ElasticsearchTemplate' (OnClassCondition)

   ElasticsearchRepositoriesAutoConfiguration:
      Did not match:
         - @ConditionalOnClass did not find required class 'org.elasticsearch.client.Client' (OnClassCondition)

   ElasticsearchRestClientAutoConfiguration:
      Did not match:
         - @ConditionalOnClass did not find required class 'org.elasticsearch.client.RestClient' (OnClassCondition)

   EmbeddedLdapAutoConfiguration:
      Did not match:
         - @ConditionalOnClass did not find required class 'com.unboundid.ldap.listener.InMemoryDirectoryServer' (OnClassCondition)

   EmbeddedMongoAutoConfiguration:
      Did not match:
         - @ConditionalOnClass did not find required class 'com.mongodb.MongoClientSettings' (OnClassCondition)

   EmbeddedWebServerFactoryCustomizerAutoConfiguration:
      Did not match:
         - @ConditionalOnWebApplication did not find reactive or servlet web application classes (OnWebApplicationCondition)

   ErrorMvcAutoConfiguration:
      Did not match:
         - @ConditionalOnClass did not find required class 'javax.servlet.Servlet' (OnClassCondition)

   ErrorWebFluxAutoConfiguration:
      Did not match:
         - @ConditionalOnClass did not find required class 'org.springframework.web.reactive.config.WebFluxConfigurer' (OnClassCondition)

   FlywayAutoConfiguration:
      Did not match:
         - @ConditionalOnClass did not find required class 'org.flywaydb.core.Flyway' (OnClassCondition)

   FreeMarkerAutoConfiguration:
      Did not match:
         - @ConditionalOnClass did not find required class 'freemarker.template.Configuration' (OnClassCondition)

   GroovyTemplateAutoConfiguration:
      Did not match:
         - @ConditionalOnClass did not find required class 'groovy.text.markup.MarkupTemplateEngine' (OnClassCondition)

   GsonAutoConfiguration:
      Did not match:
         - @ConditionalOnClass did not find required class 'com.google.gson.Gson' (OnClassCondition)

   H2ConsoleAutoConfiguration:
      Did not match:
         - @ConditionalOnClass did not find required class 'org.h2.server.web.WebServlet' (OnClassCondition)

   HazelcastAutoConfiguration:
      Did not match:
         - @ConditionalOnClass did not find required class 'com.hazelcast.core.HazelcastInstance' (OnClassCondition)

   HazelcastCacheConfiguration:
      Did not match:
         - @ConditionalOnClass did not find required class 'com.hazelcast.core.HazelcastInstance' (OnClassCondition)

   HazelcastJpaDependencyAutoConfiguration:
      Did not match:
         - @ConditionalOnClass did not find required class 'com.hazelcast.core.HazelcastInstance' (OnClassCondition)

   HibernateJpaAutoConfiguration:
      Did not match:
         - @ConditionalOnClass did not find required class 'javax.persistence.EntityManager' (OnClassCondition)

   HttpEncodingAutoConfiguration:
      Did not match:
         - @ConditionalOnClass did not find required class 'org.springframework.web.filter.CharacterEncodingFilter' (OnClassCondition)

   HttpHandlerAutoConfiguration:
      Did not match:
         - @ConditionalOnClass did not find required class 'org.springframework.http.server.reactive.HttpHandler' (OnClassCondition)

   HttpMessageConvertersAutoConfiguration:
      Did not match:
         - @ConditionalOnClass did not find required class 'org.springframework.http.converter.HttpMessageConverter' (OnClassCondition)

   HypermediaAutoConfiguration:
      Did not match:
         - @ConditionalOnClass did not find required class 'org.springframework.hateoas.EntityModel' (OnClassCondition)

   InfinispanCacheConfiguration:
      Did not match:
         - @ConditionalOnClass did not find required class 'org.infinispan.spring.embedded.provider.SpringEmbeddedCacheManager' (OnClassCondition)

   InfluxDbAutoConfiguration:
      Did not match:
         - @ConditionalOnClass did not find required class 'org.influxdb.InfluxDB' (OnClassCondition)

   IntegrationAutoConfiguration:
      Did not match:
         - @ConditionalOnClass did not find required class 'org.springframework.integration.config.EnableIntegration' (OnClassCondition)

   JCacheCacheConfiguration:
      Did not match:
         - @ConditionalOnClass did not find required class 'javax.cache.Caching' (OnClassCondition)

   JacksonAutoConfiguration:
      Did not match:
         - @ConditionalOnClass did not find required class 'com.fasterxml.jackson.databind.ObjectMapper' (OnClassCondition)

   JdbcRepositoriesAutoConfiguration:
      Did not match:
         - @ConditionalOnClass did not find required class 'org.springframework.data.jdbc.repository.config.AbstractJdbcConfiguration' (OnClassCondition)

   JdbcTemplateAutoConfiguration:
      Did not match:
         - @ConditionalOnClass did not find required class 'org.springframework.jdbc.core.JdbcTemplate' (OnClassCondition)

   JerseyAutoConfiguration:
      Did not match:
         - @ConditionalOnClass did not find required class 'javax.servlet.ServletRegistration' (OnClassCondition)

   JmsAutoConfiguration:
      Did not match:
         - @ConditionalOnClass did not find required class 'javax.jms.Message' (OnClassCondition)

   JmxAutoConfiguration:
      Did not match:
         - @ConditionalOnProperty (spring.jmx.enabled=true) found different value in property 'enabled' (OnPropertyCondition)
      Matched:
         - @ConditionalOnClass found required class 'org.springframework.jmx.export.MBeanExporter' (OnClassCondition)

   JndiConnectionFactoryAutoConfiguration:
      Did not match:
         - @ConditionalOnClass did not find required class 'org.springframework.jms.core.JmsTemplate' (OnClassCondition)

   JndiDataSourceAutoConfiguration:
      Did not match:
         - @ConditionalOnClass did not find required class 'org.springframework.jdbc.datasource.embedded.EmbeddedDatabaseType' (OnClassCondition)

   JooqAutoConfiguration:
      Did not match:
         - @ConditionalOnClass did not find required class 'org.jooq.DSLContext' (OnClassCondition)

   JpaRepositoriesAutoConfiguration:
      Did not match:
         - @ConditionalOnClass did not find required class 'org.springframework.data.jpa.repository.JpaRepository' (OnClassCondition)

   JsonbAutoConfiguration:
      Did not match:
         - @ConditionalOnClass did not find required class 'javax.json.bind.Jsonb' (OnClassCondition)

   JtaAutoConfiguration:
      Did not match:
         - @ConditionalOnClass did not find required class 'javax.transaction.Transaction' (OnClassCondition)

   KafkaAutoConfiguration:
      Did not match:
         - @ConditionalOnClass did not find required class 'org.springframework.kafka.core.KafkaTemplate' (OnClassCondition)

   LdapAutoConfiguration:
      Did not match:
         - @ConditionalOnClass did not find required class 'org.springframework.ldap.core.ContextSource' (OnClassCondition)

   LdapRepositoriesAutoConfiguration:
      Did not match:
         - @ConditionalOnClass did not find required class 'org.springframework.data.ldap.repository.LdapRepository' (OnClassCondition)

   LiquibaseAutoConfiguration:
      Did not match:
         - @ConditionalOnClass did not find required class 'liquibase.change.DatabaseChange' (OnClassCondition)

   LocalDevToolsAutoConfiguration:
      Did not match:
         - Initialized Restarter Condition initialized without URLs (OnInitializedRestarterCondition)

   MailSenderAutoConfiguration:
      Did not match:
         - @ConditionalOnClass did not find required class 'javax.mail.internet.MimeMessage' (OnClassCondition)

   MailSenderValidatorAutoConfiguration:
      Did not match:
         - @ConditionalOnSingleCandidate did not find required type 'org.springframework.mail.javamail.JavaMailSenderImpl' (OnBeanCondition)

   MessageSourceAutoConfiguration:
      Did not match:
         - ResourceBundle did not find bundle with basename messages (MessageSourceAutoConfiguration.ResourceBundleCondition)

   MongoAutoConfiguration:
      Did not match:
         - @ConditionalOnClass did not find required class 'com.mongodb.client.MongoClient' (OnClassCondition)

   MongoDataAutoConfiguration:
      Did not match:
         - @ConditionalOnClass did not find required class 'com.mongodb.client.MongoClient' (OnClassCondition)

   MongoReactiveAutoConfiguration:
      Did not match:
         - @ConditionalOnClass did not find required class 'com.mongodb.reactivestreams.client.MongoClient' (OnClassCondition)

   MongoReactiveDataAutoConfiguration:
      Did not match:
         - @ConditionalOnClass did not find required class 'com.mongodb.reactivestreams.client.MongoClient' (OnClassCondition)

   MongoReactiveRepositoriesAutoConfiguration:
      Did not match:
         - @ConditionalOnClass did not find required class 'com.mongodb.reactivestreams.client.MongoClient' (OnClassCondition)

   MongoRepositoriesAutoConfiguration:
      Did not match:
         - @ConditionalOnClass did not find required class 'com.mongodb.client.MongoClient' (OnClassCondition)

   MultipartAutoConfiguration:
      Did not match:
         - @ConditionalOnClass did not find required class 'javax.servlet.MultipartConfigElement' (OnClassCondition)

   MustacheAutoConfiguration:
      Did not match:
         - @ConditionalOnClass did not find required class 'com.samskivert.mustache.Mustache' (OnClassCondition)

   Neo4jDataAutoConfiguration:
      Did not match:
         - @ConditionalOnClass did not find required class 'org.neo4j.ogm.session.SessionFactory' (OnClassCondition)

   Neo4jRepositoriesAutoConfiguration:
      Did not match:
         - @ConditionalOnClass did not find required class 'org.neo4j.ogm.session.Neo4jSession' (OnClassCondition)

   OAuth2ClientAutoConfiguration:
      Did not match:
         - @ConditionalOnClass did not find required class 'org.springframework.security.config.annotation.web.configuration.EnableWebSecurity' (OnClassCondition)

   OAuth2ResourceServerAutoConfiguration:
      Did not match:
         - @ConditionalOnClass did not find required class 'org.springframework.security.oauth2.server.resource.BearerTokenAuthenticationToken' (OnClassCondition)

   PersistenceExceptionTranslationAutoConfiguration:
      Did not match:
         - @ConditionalOnClass did not find required class 'org.springframework.dao.annotation.PersistenceExceptionTranslationPostProcessor' (OnClassCondition)

   ProjectInfoAutoConfiguration#buildProperties:
      Did not match:
         - @ConditionalOnResource did not find resource '${spring.info.build.location:classpath:META-INF/build-info.properties}' (OnResourceCondition)

   ProjectInfoAutoConfiguration#gitProperties:
      Did not match:
         - GitResource did not find git info at classpath:git.properties (ProjectInfoAutoConfiguration.GitResourceAvailableCondition)

   QuartzAutoConfiguration:
      Did not match:
         - @ConditionalOnClass did not find required class 'org.quartz.Scheduler' (OnClassCondition)

   R2dbcAutoConfiguration:
      Did not match:
         - @ConditionalOnClass did not find required class 'io.r2dbc.spi.ConnectionFactory' (OnClassCondition)

   R2dbcDataAutoConfiguration:
      Did not match:
         - @ConditionalOnClass did not find required class 'org.springframework.data.r2dbc.core.DatabaseClient' (OnClassCondition)

   R2dbcRepositoriesAutoConfiguration:
      Did not match:
         - @ConditionalOnClass did not find required class 'io.r2dbc.spi.ConnectionFactory' (OnClassCondition)

   R2dbcTransactionManagerAutoConfiguration:
      Did not match:
         - @ConditionalOnClass did not find required class 'org.springframework.data.r2dbc.connectionfactory.R2dbcTransactionManager' (OnClassCondition)

   RSocketMessagingAutoConfiguration:
      Did not match:
         - @ConditionalOnClass did not find required class 'io.rsocket.RSocketFactory' (OnClassCondition)

   RSocketRequesterAutoConfiguration:
      Did not match:
         - @ConditionalOnClass did not find required class 'io.rsocket.RSocketFactory' (OnClassCondition)

   RSocketSecurityAutoConfiguration:
      Did not match:
         - @ConditionalOnClass did not find required class 'org.springframework.security.rsocket.core.SecuritySocketAcceptorInterceptor' (OnClassCondition)

   RSocketServerAutoConfiguration:
      Did not match:
         - @ConditionalOnClass did not find required class 'io.rsocket.core.RSocketServer' (OnClassCondition)

   RSocketStrategiesAutoConfiguration:
      Did not match:
         - @ConditionalOnClass did not find required class 'io.netty.buffer.PooledByteBufAllocator' (OnClassCondition)

   RabbitAutoConfiguration:
      Did not match:
         - @ConditionalOnClass did not find required class 'com.rabbitmq.client.Channel' (OnClassCondition)

   ReactiveElasticsearchRepositoriesAutoConfiguration:
      Did not match:
         - @ConditionalOnClass did not find required class 'org.springframework.data.elasticsearch.client.reactive.ReactiveElasticsearchClient' (OnClassCondition)

   ReactiveElasticsearchRestClientAutoConfiguration:
      Did not match:
         - @ConditionalOnClass did not find required class 'reactor.netty.http.client.HttpClient' (OnClassCondition)

   ReactiveOAuth2ClientAutoConfiguration:
      Did not match:
         - @ConditionalOnClass did not find required class 'reactor.core.publisher.Flux' (OnClassCondition)

   ReactiveOAuth2ResourceServerAutoConfiguration:
      Did not match:
         - @ConditionalOnClass did not find required class 'org.springframework.security.config.annotation.web.reactive.EnableWebFluxSecurity' (OnClassCondition)

   ReactiveSecurityAutoConfiguration:
      Did not match:
         - @ConditionalOnClass did not find required class 'reactor.core.publisher.Flux' (OnClassCondition)

   ReactiveUserDetailsServiceAutoConfiguration:
      Did not match:
         - @ConditionalOnClass did not find required class 'org.springframework.security.authentication.ReactiveAuthenticationManager' (OnClassCondition)

   ReactiveWebServerFactoryAutoConfiguration:
      Did not match:
         - @ConditionalOnClass did not find required class 'org.springframework.http.ReactiveHttpInputMessage' (OnClassCondition)

   RedisAutoConfiguration:
      Did not match:
         - @ConditionalOnClass did not find required class 'org.springframework.data.redis.core.RedisOperations' (OnClassCondition)

   RedisCacheConfiguration:
      Did not match:
         - @ConditionalOnClass did not find required class 'org.springframework.data.redis.connection.RedisConnectionFactory' (OnClassCondition)

   RedisReactiveAutoConfiguration:
      Did not match:
         - @ConditionalOnClass did not find required class 'reactor.core.publisher.Flux' (OnClassCondition)

   RedisRepositoriesAutoConfiguration:
      Did not match:
         - @ConditionalOnClass did not find required class 'org.springframework.data.redis.repository.configuration.EnableRedisRepositories' (OnClassCondition)

   RemoteDevToolsAutoConfiguration:
      Did not match:
         - @ConditionalOnClass did not find required class 'javax.servlet.Filter' (OnClassCondition)

   RepositoryRestMvcAutoConfiguration:
      Did not match:
         - @ConditionalOnClass did not find required class 'org.springframework.data.rest.webmvc.config.RepositoryRestMvcConfiguration' (OnClassCondition)

   RestTemplateAutoConfiguration:
      Did not match:
         - @ConditionalOnClass did not find required class 'org.springframework.web.client.RestTemplate' (OnClassCondition)

   Saml2RelyingPartyAutoConfiguration:
      Did not match:
         - @ConditionalOnClass did not find required class 'org.springframework.security.saml2.provider.service.registration.RelyingPartyRegistrationRepository' (OnClassCondition)

   SecurityAutoConfiguration:
      Did not match:
         - @ConditionalOnClass did not find required class 'org.springframework.security.authentication.DefaultAuthenticationEventPublisher' (OnClassCondition)

   SecurityFilterAutoConfiguration:
      Did not match:
         - @ConditionalOnClass did not find required class 'org.springframework.security.config.http.SessionCreationPolicy' (OnClassCondition)

   SendGridAutoConfiguration:
      Did not match:
         - @ConditionalOnClass did not find required class 'com.sendgrid.SendGrid' (OnClassCondition)

   ServletWebServerFactoryAutoConfiguration:
      Did not match:
         - @ConditionalOnClass did not find required class 'javax.servlet.ServletRequest' (OnClassCondition)

   SessionAutoConfiguration:
      Did not match:
         - @ConditionalOnClass did not find required class 'org.springframework.session.Session' (OnClassCondition)

   SolrAutoConfiguration:
      Did not match:
         - @ConditionalOnClass did not find required class 'org.apache.solr.client.solrj.impl.CloudSolrClient' (OnClassCondition)

   SolrRepositoriesAutoConfiguration:
      Did not match:
         - @ConditionalOnClass did not find required class 'org.apache.solr.client.solrj.SolrClient' (OnClassCondition)

   SpringApplicationAdminJmxAutoConfiguration:
      Did not match:
         - @ConditionalOnProperty (spring.application.admin.enabled=true) did not find property 'enabled' (OnPropertyCondition)

   SpringDataWebAutoConfiguration:
      Did not match:
         - @ConditionalOnClass did not find required class 'org.springframework.data.web.PageableHandlerMethodArgumentResolver' (OnClassCondition)

   TaskSchedulingAutoConfiguration#taskScheduler:
      Did not match:
         - @ConditionalOnBean (names: org.springframework.context.annotation.internalScheduledAnnotationProcessor; SearchStrategy: all) did not find any beans named org.springframework.context.annotation.internalScheduledAnnotationProcessor (OnBeanCondition)

   ThymeleafAutoConfiguration:
      Did not match:
         - @ConditionalOnClass did not find required class 'org.thymeleaf.spring5.SpringTemplateEngine' (OnClassCondition)

   TransactionAutoConfiguration:
      Did not match:
         - @ConditionalOnClass did not find required class 'org.springframework.transaction.PlatformTransactionManager' (OnClassCondition)

   UserDetailsServiceAutoConfiguration:
      Did not match:
         - @ConditionalOnClass did not find required class 'org.springframework.security.authentication.AuthenticationManager' (OnClassCondition)

   ValidationAutoConfiguration:
      Did not match:
         - @ConditionalOnClass did not find required class 'javax.validation.executable.ExecutableValidator' (OnClassCondition)

   WebClientAutoConfiguration:
      Did not match:
         - @ConditionalOnClass did not find required class 'org.springframework.web.reactive.function.client.WebClient' (OnClassCondition)

   WebFluxAutoConfiguration:
      Did not match:
         - @ConditionalOnClass did not find required class 'org.springframework.web.reactive.config.WebFluxConfigurer' (OnClassCondition)

   WebMvcAutoConfiguration:
      Did not match:
         - @ConditionalOnClass did not find required class 'javax.servlet.Servlet' (OnClassCondition)

   WebServiceTemplateAutoConfiguration:
      Did not match:
         - @ConditionalOnClass did not find required class 'org.springframework.oxm.Marshaller' (OnClassCondition)

   WebServicesAutoConfiguration:
      Did not match:
         - @ConditionalOnClass did not find required class 'org.springframework.ws.transport.http.MessageDispatcherServlet' (OnClassCondition)

   WebSocketMessagingAutoConfiguration:
      Did not match:
         - @ConditionalOnClass did not find required class 'org.springframework.web.socket.config.annotation.WebSocketMessageBrokerConfigurer' (OnClassCondition)

   WebSocketReactiveAutoConfiguration:
      Did not match:
         - @ConditionalOnClass did not find required class 'javax.servlet.Servlet' (OnClassCondition)

   WebSocketServletAutoConfiguration:
      Did not match:
         - @ConditionalOnClass did not find required class 'javax.servlet.Servlet' (OnClassCondition)

   XADataSourceAutoConfiguration:
      Did not match:
         - @ConditionalOnClass did not find required class 'javax.transaction.TransactionManager' (OnClassCondition)


Exclusions:
-----------

    None


Unconditional classes:
----------------------

    org.springframework.boot.autoconfigure.context.ConfigurationPropertiesAutoConfiguration

    org.springframework.boot.autoconfigure.context.LifecycleAutoConfiguration

    org.springframework.boot.autoconfigure.context.PropertyPlaceholderAutoConfiguration

    org.springframework.boot.autoconfigure.availability.ApplicationAvailabilityAutoConfiguration

    org.springframework.boot.autoconfigure.info.ProjectInfoAutoConfiguration



2020-09-04 08:14:05  [ main:2837 ] - [ INFO ]  Started LogswitchApplicationTests in 2.08 seconds (JVM running for 7.458)
2020-09-04 08:14:05  [ main:2842 ] - [ DEBUG ]  Creating new Restarter for thread Thread[main,5,main]
2020-09-04 08:14:05  [ main:2844 ] - [ DEBUG ]  Storing ApplicationContext [1366342900] in cache under key [[MergedContextConfiguration@32ee6fee testClass = LogswitchApplicationTests, locations = '{}', classes = '{class com.tz.LogswitchApplication}', contextInitializerClasses = '[]', activeProfiles = '{}', propertySourceLocations = '{}', propertySourceProperties = '{org.springframework.boot.test.context.SpringBootTestContextBootstrapper=true}', contextCustomizers = set[org.springframework.boot.test.context.filter.ExcludeFilterContextCustomizer@2928854b, org.springframework.boot.test.json.DuplicateJsonObjectContextCustomizerFactory$DuplicateJsonObjectContextCustomizer@2f177a4b, org.springframework.boot.test.mock.mockito.MockitoContextCustomizer@0, org.springframework.boot.test.web.client.TestRestTemplateContextCustomizer@d4342c2, org.springframework.boot.test.autoconfigure.properties.PropertyMappingContextCustomizer@0, org.springframework.boot.test.autoconfigure.web.servlet.WebDriverContextCustomizerFactory$Customizer@6e0dec4a, org.springframework.boot.test.context.SpringBootTestArgs@1], contextLoader = 'org.springframework.boot.test.context.SpringBootContextLoader', parent = [null]]]
2020-09-04 08:14:05  [ main:2845 ] - [ DEBUG ]  Spring test ApplicationContext cache statistics: [DefaultContextCache@1e5f4170 size = 1, maxSize = 32, parentContextCount = 0, hitCount = 0, missCount = 1]
2020-09-04 08:14:05  [ main:2850 ] - [ DEBUG ]  Retrieved ApplicationContext [1366342900] from cache with key [[MergedContextConfiguration@32ee6fee testClass = LogswitchApplicationTests, locations = '{}', classes = '{class com.tz.LogswitchApplication}', contextInitializerClasses = '[]', activeProfiles = '{}', propertySourceLocations = '{}', propertySourceProperties = '{org.springframework.boot.test.context.SpringBootTestContextBootstrapper=true}', contextCustomizers = set[org.springframework.boot.test.context.filter.ExcludeFilterContextCustomizer@2928854b, org.springframework.boot.test.json.DuplicateJsonObjectContextCustomizerFactory$DuplicateJsonObjectContextCustomizer@2f177a4b, org.springframework.boot.test.mock.mockito.MockitoContextCustomizer@0, org.springframework.boot.test.web.client.TestRestTemplateContextCustomizer@d4342c2, org.springframework.boot.test.autoconfigure.properties.PropertyMappingContextCustomizer@0, org.springframework.boot.test.autoconfigure.web.servlet.WebDriverContextCustomizerFactory$Customizer@6e0dec4a, org.springframework.boot.test.context.SpringBootTestArgs@1], contextLoader = 'org.springframework.boot.test.context.SpringBootContextLoader', parent = [null]]]
2020-09-04 08:14:05  [ main:2851 ] - [ DEBUG ]  Spring test ApplicationContext cache statistics: [DefaultContextCache@1e5f4170 size = 1, maxSize = 32, parentContextCount = 0, hitCount = 1, missCount = 1]
2020-09-04 08:14:05  [ main:2859 ] - [ DEBUG ]  Before test method: context [DefaultTestContext@5562c41e testClass = LogswitchApplicationTests, testInstance = com.tz.LogswitchApplicationTests@d5b810e, testMethod = contextLoads@LogswitchApplicationTests, testException = [null], mergedContextConfiguration = [MergedContextConfiguration@32ee6fee testClass = LogswitchApplicationTests, locations = '{}', classes = '{class com.tz.LogswitchApplication}', contextInitializerClasses = '[]', activeProfiles = '{}', propertySourceLocations = '{}', propertySourceProperties = '{org.springframework.boot.test.context.SpringBootTestContextBootstrapper=true}', contextCustomizers = set[org.springframework.boot.test.context.filter.ExcludeFilterContextCustomizer@2928854b, org.springframework.boot.test.json.DuplicateJsonObjectContextCustomizerFactory$DuplicateJsonObjectContextCustomizer@2f177a4b, org.springframework.boot.test.mock.mockito.MockitoContextCustomizer@0, org.springframework.boot.test.web.client.TestRestTemplateContextCustomizer@d4342c2, org.springframework.boot.test.autoconfigure.properties.PropertyMappingContextCustomizer@0, org.springframework.boot.test.autoconfigure.web.servlet.WebDriverContextCustomizerFactory$Customizer@6e0dec4a, org.springframework.boot.test.context.SpringBootTestArgs@1], contextLoader = 'org.springframework.boot.test.context.SpringBootContextLoader', parent = [null]], attributes = map[[empty]]], class annotated with @DirtiesContext [false] with mode [null], method annotated with @DirtiesContext [false] with mode [null].
2020-09-04 08:14:05  [ main:2861 ] - [ DEBUG ]  Retrieved ApplicationContext [1366342900] from cache with key [[MergedContextConfiguration@32ee6fee testClass = LogswitchApplicationTests, locations = '{}', classes = '{class com.tz.LogswitchApplication}', contextInitializerClasses = '[]', activeProfiles = '{}', propertySourceLocations = '{}', propertySourceProperties = '{org.springframework.boot.test.context.SpringBootTestContextBootstrapper=true}', contextCustomizers = set[org.springframework.boot.test.context.filter.ExcludeFilterContextCustomizer@2928854b, org.springframework.boot.test.json.DuplicateJsonObjectContextCustomizerFactory$DuplicateJsonObjectContextCustomizer@2f177a4b, org.springframework.boot.test.mock.mockito.MockitoContextCustomizer@0, org.springframework.boot.test.web.client.TestRestTemplateContextCustomizer@d4342c2, org.springframework.boot.test.autoconfigure.properties.PropertyMappingContextCustomizer@0, org.springframework.boot.test.autoconfigure.web.servlet.WebDriverContextCustomizerFactory$Customizer@6e0dec4a, org.springframework.boot.test.context.SpringBootTestArgs@1], contextLoader = 'org.springframework.boot.test.context.SpringBootContextLoader', parent = [null]]]
2020-09-04 08:14:05  [ main:2861 ] - [ DEBUG ]  Spring test ApplicationContext cache statistics: [DefaultContextCache@1e5f4170 size = 1, maxSize = 32, parentContextCount = 0, hitCount = 2, missCount = 1]
2020-09-04 08:14:05  [ main:2862 ] - [ DEBUG ]  Retrieved ApplicationContext [1366342900] from cache with key [[MergedContextConfiguration@32ee6fee testClass = LogswitchApplicationTests, locations = '{}', classes = '{class com.tz.LogswitchApplication}', contextInitializerClasses = '[]', activeProfiles = '{}', propertySourceLocations = '{}', propertySourceProperties = '{org.springframework.boot.test.context.SpringBootTestContextBootstrapper=true}', contextCustomizers = set[org.springframework.boot.test.context.filter.ExcludeFilterContextCustomizer@2928854b, org.springframework.boot.test.json.DuplicateJsonObjectContextCustomizerFactory$DuplicateJsonObjectContextCustomizer@2f177a4b, org.springframework.boot.test.mock.mockito.MockitoContextCustomizer@0, org.springframework.boot.test.web.client.TestRestTemplateContextCustomizer@d4342c2, org.springframework.boot.test.autoconfigure.properties.PropertyMappingContextCustomizer@0, org.springframework.boot.test.autoconfigure.web.servlet.WebDriverContextCustomizerFactory$Customizer@6e0dec4a, org.springframework.boot.test.context.SpringBootTestArgs@1], contextLoader = 'org.springframework.boot.test.context.SpringBootContextLoader', parent = [null]]]
2020-09-04 08:14:05  [ main:2863 ] - [ DEBUG ]  Spring test ApplicationContext cache statistics: [DefaultContextCache@1e5f4170 size = 1, maxSize = 32, parentContextCount = 0, hitCount = 3, missCount = 1]
2020-09-04 08:14:05  [ main:3180 ] - [ DEBUG ]  Retrieved ApplicationContext [1366342900] from cache with key [[MergedContextConfiguration@32ee6fee testClass = LogswitchApplicationTests, locations = '{}', classes = '{class com.tz.LogswitchApplication}', contextInitializerClasses = '[]', activeProfiles = '{}', propertySourceLocations = '{}', propertySourceProperties = '{org.springframework.boot.test.context.SpringBootTestContextBootstrapper=true}', contextCustomizers = set[org.springframework.boot.test.context.filter.ExcludeFilterContextCustomizer@2928854b, org.springframework.boot.test.json.DuplicateJsonObjectContextCustomizerFactory$DuplicateJsonObjectContextCustomizer@2f177a4b, org.springframework.boot.test.mock.mockito.MockitoContextCustomizer@0, org.springframework.boot.test.web.client.TestRestTemplateContextCustomizer@d4342c2, org.springframework.boot.test.autoconfigure.properties.PropertyMappingContextCustomizer@0, org.springframework.boot.test.autoconfigure.web.servlet.WebDriverContextCustomizerFactory$Customizer@6e0dec4a, org.springframework.boot.test.context.SpringBootTestArgs@1], contextLoader = 'org.springframework.boot.test.context.SpringBootContextLoader', parent = [null]]]
2020-09-04 08:14:05  [ main:3181 ] - [ DEBUG ]  Spring test ApplicationContext cache statistics: [DefaultContextCache@1e5f4170 size = 1, maxSize = 32, parentContextCount = 0, hitCount = 4, missCount = 1]
2020-09-04 08:14:05  [ main:3194 ] - [ DEBUG ]  debug Hello World
2020-09-04 08:14:05  [ main:3194 ] - [ INFO ]  info Hello World
2020-09-04 08:14:05  [ main:3194 ] - [ WARN ]  warn Hello World
2020-09-04 08:14:05  [ main:3195 ] - [ ERROR ]  error Hello World
2020-09-04 08:14:05  [ main:3199 ] - [ DEBUG ]  Retrieved ApplicationContext [1366342900] from cache with key [[MergedContextConfiguration@32ee6fee testClass = LogswitchApplicationTests, locations = '{}', classes = '{class com.tz.LogswitchApplication}', contextInitializerClasses = '[]', activeProfiles = '{}', propertySourceLocations = '{}', propertySourceProperties = '{org.springframework.boot.test.context.SpringBootTestContextBootstrapper=true}', contextCustomizers = set[org.springframework.boot.test.context.filter.ExcludeFilterContextCustomizer@2928854b, org.springframework.boot.test.json.DuplicateJsonObjectContextCustomizerFactory$DuplicateJsonObjectContextCustomizer@2f177a4b, org.springframework.boot.test.mock.mockito.MockitoContextCustomizer@0, org.springframework.boot.test.web.client.TestRestTemplateContextCustomizer@d4342c2, org.springframework.boot.test.autoconfigure.properties.PropertyMappingContextCustomizer@0, org.springframework.boot.test.autoconfigure.web.servlet.WebDriverContextCustomizerFactory$Customizer@6e0dec4a, org.springframework.boot.test.context.SpringBootTestArgs@1], contextLoader = 'org.springframework.boot.test.context.SpringBootContextLoader', parent = [null]]]
2020-09-04 08:14:05  [ main:3199 ] - [ DEBUG ]  Spring test ApplicationContext cache statistics: [DefaultContextCache@1e5f4170 size = 1, maxSize = 32, parentContextCount = 0, hitCount = 5, missCount = 1]
2020-09-04 08:14:05  [ main:3204 ] - [ DEBUG ]  Retrieved ApplicationContext [1366342900] from cache with key [[MergedContextConfiguration@32ee6fee testClass = LogswitchApplicationTests, locations = '{}', classes = '{class com.tz.LogswitchApplication}', contextInitializerClasses = '[]', activeProfiles = '{}', propertySourceLocations = '{}', propertySourceProperties = '{org.springframework.boot.test.context.SpringBootTestContextBootstrapper=true}', contextCustomizers = set[org.springframework.boot.test.context.filter.ExcludeFilterContextCustomizer@2928854b, org.springframework.boot.test.json.DuplicateJsonObjectContextCustomizerFactory$DuplicateJsonObjectContextCustomizer@2f177a4b, org.springframework.boot.test.mock.mockito.MockitoContextCustomizer@0, org.springframework.boot.test.web.client.TestRestTemplateContextCustomizer@d4342c2, org.springframework.boot.test.autoconfigure.properties.PropertyMappingContextCustomizer@0, org.springframework.boot.test.autoconfigure.web.servlet.WebDriverContextCustomizerFactory$Customizer@6e0dec4a, org.springframework.boot.test.context.SpringBootTestArgs@1], contextLoader = 'org.springframework.boot.test.context.SpringBootContextLoader', parent = [null]]]
2020-09-04 08:14:05  [ main:3206 ] - [ DEBUG ]  Spring test ApplicationContext cache statistics: [DefaultContextCache@1e5f4170 size = 1, maxSize = 32, parentContextCount = 0, hitCount = 6, missCount = 1]
2020-09-04 08:14:05  [ main:3207 ] - [ DEBUG ]  Retrieved ApplicationContext [1366342900] from cache with key [[MergedContextConfiguration@32ee6fee testClass = LogswitchApplicationTests, locations = '{}', classes = '{class com.tz.LogswitchApplication}', contextInitializerClasses = '[]', activeProfiles = '{}', propertySourceLocations = '{}', propertySourceProperties = '{org.springframework.boot.test.context.SpringBootTestContextBootstrapper=true}', contextCustomizers = set[org.springframework.boot.test.context.filter.ExcludeFilterContextCustomizer@2928854b, org.springframework.boot.test.json.DuplicateJsonObjectContextCustomizerFactory$DuplicateJsonObjectContextCustomizer@2f177a4b, org.springframework.boot.test.mock.mockito.MockitoContextCustomizer@0, org.springframework.boot.test.web.client.TestRestTemplateContextCustomizer@d4342c2, org.springframework.boot.test.autoconfigure.properties.PropertyMappingContextCustomizer@0, org.springframework.boot.test.autoconfigure.web.servlet.WebDriverContextCustomizerFactory$Customizer@6e0dec4a, org.springframework.boot.test.context.SpringBootTestArgs@1], contextLoader = 'org.springframework.boot.test.context.SpringBootContextLoader', parent = [null]]]
2020-09-04 08:14:05  [ main:3207 ] - [ DEBUG ]  Spring test ApplicationContext cache statistics: [DefaultContextCache@1e5f4170 size = 1, maxSize = 32, parentContextCount = 0, hitCount = 7, missCount = 1]
2020-09-04 08:14:05  [ main:3209 ] - [ DEBUG ]  Retrieved ApplicationContext [1366342900] from cache with key [[MergedContextConfiguration@32ee6fee testClass = LogswitchApplicationTests, locations = '{}', classes = '{class com.tz.LogswitchApplication}', contextInitializerClasses = '[]', activeProfiles = '{}', propertySourceLocations = '{}', propertySourceProperties = '{org.springframework.boot.test.context.SpringBootTestContextBootstrapper=true}', contextCustomizers = set[org.springframework.boot.test.context.filter.ExcludeFilterContextCustomizer@2928854b, org.springframework.boot.test.json.DuplicateJsonObjectContextCustomizerFactory$DuplicateJsonObjectContextCustomizer@2f177a4b, org.springframework.boot.test.mock.mockito.MockitoContextCustomizer@0, org.springframework.boot.test.web.client.TestRestTemplateContextCustomizer@d4342c2, org.springframework.boot.test.autoconfigure.properties.PropertyMappingContextCustomizer@0, org.springframework.boot.test.autoconfigure.web.servlet.WebDriverContextCustomizerFactory$Customizer@6e0dec4a, org.springframework.boot.test.context.SpringBootTestArgs@1], contextLoader = 'org.springframework.boot.test.context.SpringBootContextLoader', parent = [null]]]
2020-09-04 08:14:05  [ main:3209 ] - [ DEBUG ]  Spring test ApplicationContext cache statistics: [DefaultContextCache@1e5f4170 size = 1, maxSize = 32, parentContextCount = 0, hitCount = 8, missCount = 1]
2020-09-04 08:14:05  [ main:3211 ] - [ DEBUG ]  Retrieved ApplicationContext [1366342900] from cache with key [[MergedContextConfiguration@32ee6fee testClass = LogswitchApplicationTests, locations = '{}', classes = '{class com.tz.LogswitchApplication}', contextInitializerClasses = '[]', activeProfiles = '{}', propertySourceLocations = '{}', propertySourceProperties = '{org.springframework.boot.test.context.SpringBootTestContextBootstrapper=true}', contextCustomizers = set[org.springframework.boot.test.context.filter.ExcludeFilterContextCustomizer@2928854b, org.springframework.boot.test.json.DuplicateJsonObjectContextCustomizerFactory$DuplicateJsonObjectContextCustomizer@2f177a4b, org.springframework.boot.test.mock.mockito.MockitoContextCustomizer@0, org.springframework.boot.test.web.client.TestRestTemplateContextCustomizer@d4342c2, org.springframework.boot.test.autoconfigure.properties.PropertyMappingContextCustomizer@0, org.springframework.boot.test.autoconfigure.web.servlet.WebDriverContextCustomizerFactory$Customizer@6e0dec4a, org.springframework.boot.test.context.SpringBootTestArgs@1], contextLoader = 'org.springframework.boot.test.context.SpringBootContextLoader', parent = [null]]]
2020-09-04 08:14:05  [ main:3212 ] - [ DEBUG ]  Spring test ApplicationContext cache statistics: [DefaultContextCache@1e5f4170 size = 1, maxSize = 32, parentContextCount = 0, hitCount = 9, missCount = 1]
2020-09-04 08:14:05  [ main:3213 ] - [ DEBUG ]  Retrieved ApplicationContext [1366342900] from cache with key [[MergedContextConfiguration@32ee6fee testClass = LogswitchApplicationTests, locations = '{}', classes = '{class com.tz.LogswitchApplication}', contextInitializerClasses = '[]', activeProfiles = '{}', propertySourceLocations = '{}', propertySourceProperties = '{org.springframework.boot.test.context.SpringBootTestContextBootstrapper=true}', contextCustomizers = set[org.springframework.boot.test.context.filter.ExcludeFilterContextCustomizer@2928854b, org.springframework.boot.test.json.DuplicateJsonObjectContextCustomizerFactory$DuplicateJsonObjectContextCustomizer@2f177a4b, org.springframework.boot.test.mock.mockito.MockitoContextCustomizer@0, org.springframework.boot.test.web.client.TestRestTemplateContextCustomizer@d4342c2, org.springframework.boot.test.autoconfigure.properties.PropertyMappingContextCustomizer@0, org.springframework.boot.test.autoconfigure.web.servlet.WebDriverContextCustomizerFactory$Customizer@6e0dec4a, org.springframework.boot.test.context.SpringBootTestArgs@1], contextLoader = 'org.springframework.boot.test.context.SpringBootContextLoader', parent = [null]]]
2020-09-04 08:14:05  [ main:3214 ] - [ DEBUG ]  Spring test ApplicationContext cache statistics: [DefaultContextCache@1e5f4170 size = 1, maxSize = 32, parentContextCount = 0, hitCount = 10, missCount = 1]
2020-09-04 08:14:05  [ main:3215 ] - [ DEBUG ]  After test method: context [DefaultTestContext@5562c41e testClass = LogswitchApplicationTests, testInstance = com.tz.LogswitchApplicationTests@d5b810e, testMethod = contextLoads@LogswitchApplicationTests, testException = [null], mergedContextConfiguration = [MergedContextConfiguration@32ee6fee testClass = LogswitchApplicationTests, locations = '{}', classes = '{class com.tz.LogswitchApplication}', contextInitializerClasses = '[]', activeProfiles = '{}', propertySourceLocations = '{}', propertySourceProperties = '{org.springframework.boot.test.context.SpringBootTestContextBootstrapper=true}', contextCustomizers = set[org.springframework.boot.test.context.filter.ExcludeFilterContextCustomizer@2928854b, org.springframework.boot.test.json.DuplicateJsonObjectContextCustomizerFactory$DuplicateJsonObjectContextCustomizer@2f177a4b, org.springframework.boot.test.mock.mockito.MockitoContextCustomizer@0, org.springframework.boot.test.web.client.TestRestTemplateContextCustomizer@d4342c2, org.springframework.boot.test.autoconfigure.properties.PropertyMappingContextCustomizer@0, org.springframework.boot.test.autoconfigure.web.servlet.WebDriverContextCustomizerFactory$Customizer@6e0dec4a, org.springframework.boot.test.context.SpringBootTestArgs@1], contextLoader = 'org.springframework.boot.test.context.SpringBootContextLoader', parent = [null]], attributes = map[[empty]]], class annotated with @DirtiesContext [false] with mode [null], method annotated with @DirtiesContext [false] with mode [null].
2020-09-04 08:14:05  [ main:3228 ] - [ DEBUG ]  Retrieved ApplicationContext [1366342900] from cache with key [[MergedContextConfiguration@32ee6fee testClass = LogswitchApplicationTests, locations = '{}', classes = '{class com.tz.LogswitchApplication}', contextInitializerClasses = '[]', activeProfiles = '{}', propertySourceLocations = '{}', propertySourceProperties = '{org.springframework.boot.test.context.SpringBootTestContextBootstrapper=true}', contextCustomizers = set[org.springframework.boot.test.context.filter.ExcludeFilterContextCustomizer@2928854b, org.springframework.boot.test.json.DuplicateJsonObjectContextCustomizerFactory$DuplicateJsonObjectContextCustomizer@2f177a4b, org.springframework.boot.test.mock.mockito.MockitoContextCustomizer@0, org.springframework.boot.test.web.client.TestRestTemplateContextCustomizer@d4342c2, org.springframework.boot.test.autoconfigure.properties.PropertyMappingContextCustomizer@0, org.springframework.boot.test.autoconfigure.web.servlet.WebDriverContextCustomizerFactory$Customizer@6e0dec4a, org.springframework.boot.test.context.SpringBootTestArgs@1], contextLoader = 'org.springframework.boot.test.context.SpringBootContextLoader', parent = [null]]]
2020-09-04 08:14:05  [ main:3228 ] - [ DEBUG ]  Spring test ApplicationContext cache statistics: [DefaultContextCache@1e5f4170 size = 1, maxSize = 32, parentContextCount = 0, hitCount = 11, missCount = 1]
2020-09-04 08:14:05  [ main:3229 ] - [ DEBUG ]  After test class: context [DefaultTestContext@5562c41e testClass = LogswitchApplicationTests, testInstance = [null], testMethod = [null], testException = [null], mergedContextConfiguration = [MergedContextConfiguration@32ee6fee testClass = LogswitchApplicationTests, locations = '{}', classes = '{class com.tz.LogswitchApplication}', contextInitializerClasses = '[]', activeProfiles = '{}', propertySourceLocations = '{}', propertySourceProperties = '{org.springframework.boot.test.context.SpringBootTestContextBootstrapper=true}', contextCustomizers = set[org.springframework.boot.test.context.filter.ExcludeFilterContextCustomizer@2928854b, org.springframework.boot.test.json.DuplicateJsonObjectContextCustomizerFactory$DuplicateJsonObjectContextCustomizer@2f177a4b, org.springframework.boot.test.mock.mockito.MockitoContextCustomizer@0, org.springframework.boot.test.web.client.TestRestTemplateContextCustomizer@d4342c2, org.springframework.boot.test.autoconfigure.properties.PropertyMappingContextCustomizer@0, org.springframework.boot.test.autoconfigure.web.servlet.WebDriverContextCustomizerFactory$Customizer@6e0dec4a, org.springframework.boot.test.context.SpringBootTestArgs@1], contextLoader = 'org.springframework.boot.test.context.SpringBootContextLoader', parent = [null]], attributes = map[[empty]]], class annotated with @DirtiesContext [false] with mode [null].
2020-09-04 08:14:05  [ SpringContextShutdownHook:3243 ] - [ DEBUG ]  Closing org.springframework.context.annotation.AnnotationConfigApplicationContext@5170bcf4, started on Fri Sep 04 08:14:03 CST 2020
